0 info it worked if it ends with ok
1 verbose cli [ '/usr/local/bin/node',
1 verbose cli   '/Users/jieli/.node/bin/npm',
1 verbose cli   'run',
1 verbose cli   'check-coverage' ]
2 info using npm@3.3.6
3 info using node@v5.1.0
4 verbose run-script [ 'precheck-coverage', 'check-coverage', 'postcheck-coverage' ]
5 info lifecycle sanguo-names@0.0.0-semantic-released~precheck-coverage: sanguo-names@0.0.0-semantic-released
6 silly lifecycle sanguo-names@0.0.0-semantic-released~precheck-coverage: no script for precheck-coverage, continuing
7 info lifecycle sanguo-names@0.0.0-semantic-released~check-coverage: sanguo-names@0.0.0-semantic-released
8 verbose lifecycle sanguo-names@0.0.0-semantic-released~check-coverage: unsafe-perm in lifecycle true
9 verbose lifecycle sanguo-names@0.0.0-semantic-released~check-coverage: PATH: /Users/jieli/.node/lib/node_modules/npm/bin/node-gyp-bin:/Users/jieli/Documents/Projects/Sandbox/sanguo-names/node_modules/.bin:/Users/jieli/.node/bin:/usr/local/mysql/bin:/Users/jieli/bin/Sencha/Cmd/5.0.3.324:/usr/local/share/npm/bin:/usr/local/share/python:/Users/jieli/bin:/usr/local/bin:/Users/jieli/Development/android/tools:/Users/jieli/Development/android/platform-tools:/usr/local/bin:/usr/bin:/bin:/usr/sbin:/sbin:/Users/jieli/.rvm/bin:/usr/local/mongodb/bin
10 verbose lifecycle sanguo-names@0.0.0-semantic-released~check-coverage: CWD: /Users/jieli/Documents/Projects/Sandbox/sanguo-names
11 silly lifecycle sanguo-names@0.0.0-semantic-released~check-coverage: Args: [ '-c',
11 silly lifecycle   'istanbul check-coverage --statements 100 --branches 100 --lines 100 --functions 100' ]
12 silly lifecycle sanguo-names@0.0.0-semantic-released~check-coverage: Returned: code: 1  signal: null
13 info lifecycle sanguo-names@0.0.0-semantic-released~check-coverage: Failed to exec check-coverage script
14 verbose stack Error: sanguo-names@0.0.0-semantic-released check-coverage: `istanbul check-coverage --statements 100 --branches 100 --lines 100 --functions 100`
14 verbose stack Exit status 1
14 verbose stack     at EventEmitter.<anonymous> (/Users/jieli/.node/lib/node_modules/npm/lib/utils/lifecycle.js:233:16)
14 verbose stack     at emitTwo (events.js:87:13)
14 verbose stack     at EventEmitter.emit (events.js:172:7)
14 verbose stack     at ChildProcess.<anonymous> (/Users/jieli/.node/lib/node_modules/npm/lib/utils/spawn.js:24:14)
14 verbose stack     at emitTwo (events.js:87:13)
14 verbose stack     at ChildProcess.emit (events.js:172:7)
14 verbose stack     at maybeClose (internal/child_process.js:818:16)
14 verbose stack     at Process.ChildProcess._handle.onexit (internal/child_process.js:211:5)
15 verbose pkgid sanguo-names@0.0.0-semantic-released
16 verbose cwd /Users/jieli/Documents/Projects/Sandbox/sanguo-names
17 error Darwin 15.4.0
18 error argv "/usr/local/bin/node" "/Users/jieli/.node/bin/npm" "run" "check-coverage"
19 error node v5.1.0
20 error npm  v3.3.6
21 error code ELIFECYCLE
22 error sanguo-names@0.0.0-semantic-released check-coverage: `istanbul check-coverage --statements 100 --branches 100 --lines 100 --functions 100`
22 error Exit status 1
23 error Failed at the sanguo-names@0.0.0-semantic-released check-coverage script 'istanbul check-coverage --statements 100 --branches 100 --lines 100 --functions 100'.
23 error This is most likely a problem with the sanguo-names package,
23 error not with npm itself.
23 error Tell the author that this fails on your system:
23 error     istanbul check-coverage --statements 100 --branches 100 --lines 100 --functions 100
23 error You can get their info via:
23 error     npm owner ls sanguo-names
23 error There is likely additional logging output above.
24 verbose exit [ 1, true ]
